c:\users\pxf\desktop\10.12验证码\验证码10.20---58，贵州稍作修改，加上58字母位置上下调整\consoleapplication\release\consoleapplication.pch
c:\users\pxf\desktop\10.12验证码\验证码10.20---58，贵州稍作修改，加上58字母位置上下调整\consoleapplication\release\vc120.pdb
c:\users\pxf\desktop\10.12验证码\验证码10.20---58，贵州稍作修改，加上58字母位置上下调整\consoleapplication\release\stdafx.obj
c:\users\pxf\desktop\10.12验证码\验证码10.20---58，贵州稍作修改，加上58字母位置上下调整\consoleapplication\release\consoleapplication.obj
c:\users\pxf\desktop\10.12验证码\验证码10.20---58，贵州稍作修改，加上58字母位置上下调整\consoleapplication\release\assemblyinfo.obj
c:\users\pxf\desktop\10.12验证码\验证码10.20---58，贵州稍作修改，加上58字母位置上下调整\consoleapplication\release\.netframework,version=v4.5.assemblyattributes.obj
c:\users\pxf\desktop\10.12验证码\验证码10.20---58，贵州稍作修改，加上58字母位置上下调整\consoleapplication\release\consoleapplication.dll
c:\users\pxf\desktop\10.12验证码\验证码10.20---58，贵州稍作修改，加上58字母位置上下调整\consoleapplication\release\consoleapplication.pdb
c:\users\pxf\desktop\10.12验证码\验证码10.20---58，贵州稍作修改，加上58字母位置上下调整\consoleapplication\release\consolea.5fcc9702.tlog\metagen.write.1.tlog
c:\users\pxf\desktop\10.12验证码\验证码10.20---58，贵州稍作修改，加上58字母位置上下调整\consoleapplication\release\app.res
c:\users\pxf\desktop\10.12验证码\验证码10.20---58，贵州稍作修改，加上58字母位置上下调整\consoleapplication\release\consoleapplication.vcxprojresolveassemblyreference.cache
c:\users\pxf\desktop\10.12验证码\验证码10.20---58，贵州稍作修改，加上58字母位置上下调整\consoleapplication\release\ocrhelper.pdb
c:\users\pxf\desktop\10.12验证码\验证码10.20---58，贵州稍作修改，加上58字母位置上下调整\consoleapplication\release\consoleapplication.dll.metagen
c:\users\pxf\desktop\10.12验证码\验证码10.20---58，贵州稍作修改，加上58字母位置上下调整\consoleapplication\release\ocrhelper.dll.metagen
c:\users\pxf\desktop\10.12验证码\验证码10.20---58，贵州稍作修改，加上58字母位置上下调整\consoleapplication\release\consolea.5fcc9702.tlog\cl.command.1.tlog
c:\users\pxf\desktop\10.12验证码\验证码10.20---58，贵州稍作修改，加上58字母位置上下调整\consoleapplication\release\consolea.5fcc9702.tlog\cl.read.1.tlog
c:\users\pxf\desktop\10.12验证码\验证码10.20---58，贵州稍作修改，加上58字母位置上下调整\consoleapplication\release\consolea.5fcc9702.tlog\cl.write.1.tlog
c:\users\pxf\desktop\10.12验证码\验证码10.20---58，贵州稍作修改，加上58字母位置上下调整\consoleapplication\release\consolea.5fcc9702.tlog\link.command.1.tlog
c:\users\pxf\desktop\10.12验证码\验证码10.20---58，贵州稍作修改，加上58字母位置上下调整\consoleapplication\release\consolea.5fcc9702.tlog\link.read.1.tlog
c:\users\pxf\desktop\10.12验证码\验证码10.20---58，贵州稍作修改，加上58字母位置上下调整\consoleapplication\release\consolea.5fcc9702.tlog\link.write.1.tlog
c:\users\pxf\desktop\10.12验证码\验证码10.20---58，贵州稍作修改，加上58字母位置上下调整\consoleapplication\release\consolea.5fcc9702.tlog\metagen.read.1.tlog
c:\users\pxf\desktop\10.12验证码\验证码10.20---58，贵州稍作修改，加上58字母位置上下调整\consoleapplication\release\consolea.5fcc9702.tlog\rc.command.1.tlog
c:\users\pxf\desktop\10.12验证码\验证码10.20---58，贵州稍作修改，加上58字母位置上下调整\consoleapplication\release\consolea.5fcc9702.tlog\rc.read.1.tlog
c:\users\pxf\desktop\10.12验证码\验证码10.20---58，贵州稍作修改，加上58字母位置上下调整\consoleapplication\release\consolea.5fcc9702.tlog\rc.write.1.tlog
c:\users\pxf\desktop\10.12验证码\验证码10.20---58，贵州稍作修改，加上58字母位置上下调整\consoleapplication\release\consolea.5fcc9702.tlog\ocrhelper.dll.metagen
c:\users\pxf\desktop\10.12验证码\验证码10.20---58，贵州稍作修改，加上58字母位置上下调整\consoleapplication\release\consolea.5fcc9702.tlog\rsaenh.dll.bi
c:\users\pxf\desktop\10.12验证码\验证码10.20---58，贵州稍作修改，加上58字母位置上下调整\consoleapplication\release\consolea.5fcc9702.tlog\tzres.dll.bi
