d:\documents and settings\administrator\desktop\历史文件\验证码文档\wyh预处理\验证码代码备份\13验证码最新版本\consoleapplication\debug\consoleapplication.pch
d:\documents and settings\administrator\desktop\历史文件\验证码文档\wyh预处理\验证码代码备份\13验证码最新版本\consoleapplication\debug\vc120.pdb
d:\documents and settings\administrator\desktop\历史文件\验证码文档\wyh预处理\验证码代码备份\13验证码最新版本\consoleapplication\debug\stdafx.obj
d:\documents and settings\administrator\desktop\历史文件\验证码文档\wyh预处理\验证码代码备份\13验证码最新版本\consoleapplication\debug\consoleapplication.obj
d:\documents and settings\administrator\desktop\历史文件\验证码文档\wyh预处理\验证码代码备份\13验证码最新版本\consoleapplication\debug\assemblyinfo.obj
d:\documents and settings\administrator\desktop\验证码文档\wyh预处理\验证码代码备份\13验证码最新版本\consoleapplication\debug\consoleapplication.exe
d:\documents and settings\administrator\desktop\验证码文档\wyh预处理\验证码代码备份\13验证码最新版本\consoleapplication\debug\consoleapplication.pdb
d:\documents and settings\administrator\desktop\历史文件\验证码文档\wyh预处理\验证码代码备份\13验证码最新版本\consoleapplication\debug\consoleapplication.exe
d:\documents and settings\administrator\desktop\历史文件\验证码文档\wyh预处理\验证码代码备份\13验证码最新版本\consoleapplication\debug\consoleapplication.pdb
d:\documents and settings\administrator\desktop\历史文件\验证码文档\wyh预处理\验证码代码备份\13验证码最新版本\consoleapplication\debug\app.res
d:\documents and settings\administrator\desktop\历史文件\验证码文档\wyh预处理\验证码代码备份\13验证码最新版本\consoleapplication\debug\consoleapplication.vcxprojresolveassemblyreference.cache
d:\documents and settings\administrator\desktop\历史文件\验证码文档\wyh预处理\验证码代码备份\13验证码最新版本\consoleapplication\debug\.netframework,version=v4.5.assemblyattributes.obj
d:\documents and settings\administrator\desktop\历史文件\验证码文档\wyh预处理\验证码代码备份\13验证码最新版本\consoleapplication\debug\ocrhelper.pdb
d:\documents and settings\administrator\desktop\历史文件\验证码文档\wyh预处理\验证码代码备份\13验证码最新版本\consoleapplication\debug\consoleapplication.exe.metagen
d:\documents and settings\administrator\desktop\历史文件\验证码文档\wyh预处理\验证码代码备份\13验证码最新版本\consoleapplication\debug\ocrhelper.dll.metagen
d:\documents and settings\administrator\desktop\历史文件\验证码文档\wyh预处理\验证码代码备份\13验证码最新版本\consoleapplication\debug\consolea.5fcc9702.tlog\cl.command.1.tlog
d:\documents and settings\administrator\desktop\历史文件\验证码文档\wyh预处理\验证码代码备份\13验证码最新版本\consoleapplication\debug\consolea.5fcc9702.tlog\cl.read.1.tlog
d:\documents and settings\administrator\desktop\历史文件\验证码文档\wyh预处理\验证码代码备份\13验证码最新版本\consoleapplication\debug\consolea.5fcc9702.tlog\cl.write.1.tlog
d:\documents and settings\administrator\desktop\历史文件\验证码文档\wyh预处理\验证码代码备份\13验证码最新版本\consoleapplication\debug\consolea.5fcc9702.tlog\link.command.1.tlog
d:\documents and settings\administrator\desktop\历史文件\验证码文档\wyh预处理\验证码代码备份\13验证码最新版本\consoleapplication\debug\consolea.5fcc9702.tlog\link.read.1.tlog
d:\documents and settings\administrator\desktop\历史文件\验证码文档\wyh预处理\验证码代码备份\13验证码最新版本\consoleapplication\debug\consolea.5fcc9702.tlog\link.write.1.tlog
d:\documents and settings\administrator\desktop\历史文件\验证码文档\wyh预处理\验证码代码备份\13验证码最新版本\consoleapplication\debug\consolea.5fcc9702.tlog\metagen.read.1.tlog
d:\documents and settings\administrator\desktop\历史文件\验证码文档\wyh预处理\验证码代码备份\13验证码最新版本\consoleapplication\debug\consolea.5fcc9702.tlog\metagen.write.1.tlog
d:\documents and settings\administrator\desktop\历史文件\验证码文档\wyh预处理\验证码代码备份\13验证码最新版本\consoleapplication\debug\consolea.5fcc9702.tlog\rc.command.1.tlog
d:\documents and settings\administrator\desktop\历史文件\验证码文档\wyh预处理\验证码代码备份\13验证码最新版本\consoleapplication\debug\consolea.5fcc9702.tlog\rc.read.1.tlog
d:\documents and settings\administrator\desktop\历史文件\验证码文档\wyh预处理\验证码代码备份\13验证码最新版本\consoleapplication\debug\consolea.5fcc9702.tlog\rc.write.1.tlog
d:\documents and settings\administrator\desktop\历史文件\验证码文档\wyh预处理\验证码代码备份\13验证码最新版本\consoleapplication\debug\consolea.5fcc9702.tlog\rsaenh.dll.bi
d:\documents and settings\administrator\desktop\历史文件\验证码文档\wyh预处理\验证码代码备份\13验证码最新版本\consoleapplication\debug\consolea.5fcc9702.tlog\tzres.dll.bi
