d:\documents and settings\administrator\desktop\历史文件\验证码文档\wyh预处理\验证码代码备份\13验证码最新版本\ocrhelper\debug\ocrhelper.pch
d:\documents and settings\administrator\desktop\历史文件\验证码文档\wyh预处理\验证码代码备份\13验证码最新版本\ocrhelper\debug\vc120.pdb
d:\documents and settings\administrator\desktop\历史文件\验证码文档\wyh预处理\验证码代码备份\13验证码最新版本\ocrhelper\debug\stdafx.obj
d:\documents and settings\administrator\desktop\历史文件\验证码文档\wyh预处理\验证码代码备份\13验证码最新版本\ocrhelper\debug\ocrhelper.obj
d:\documents and settings\administrator\desktop\历史文件\验证码文档\wyh预处理\验证码代码备份\13验证码最新版本\ocrhelper\debug\assemblyinfo.obj
d:\documents and settings\administrator\desktop\验证码文档\wyh预处理\验证码代码备份\13验证码最新版本\consoleapplication\debug\ocrhelper.dll
d:\documents and settings\administrator\desktop\验证码文档\wyh预处理\验证码代码备份\13验证码最新版本\consoleapplication\debug\ocrhelper.pdb
d:\documents and settings\administrator\desktop\历史文件\验证码文档\wyh预处理\验证码代码备份\13验证码最新版本\consoleapplication\debug\ocrhelper.dll
d:\documents and settings\administrator\desktop\历史文件\验证码文档\wyh预处理\验证码代码备份\13验证码最新版本\consoleapplication\debug\ocrhelper.pdb
d:\documents and settings\administrator\desktop\历史文件\验证码文档\wyh预处理\验证码代码备份\13验证码最新版本\ocrhelper\debug\app.res
d:\documents and settings\administrator\desktop\历史文件\验证码文档\wyh预处理\验证码代码备份\13验证码最新版本\ocrhelper\debug\ocrhelper.vcxprojresolveassemblyreference.cache
d:\documents and settings\administrator\desktop\历史文件\验证码文档\wyh预处理\验证码代码备份\13验证码最新版本\ocrhelper\debug\.netframework,version=v4.5.assemblyattributes.obj
d:\documents and settings\administrator\desktop\历史文件\验证码文档\wyh预处理\验证码代码备份\13验证码最新版本\ocrhelper\debug\ocrhelper.tlog\cl.command.1.tlog
d:\documents and settings\administrator\desktop\历史文件\验证码文档\wyh预处理\验证码代码备份\13验证码最新版本\ocrhelper\debug\ocrhelper.tlog\cl.read.1.tlog
d:\documents and settings\administrator\desktop\历史文件\验证码文档\wyh预处理\验证码代码备份\13验证码最新版本\ocrhelper\debug\ocrhelper.tlog\cl.write.1.tlog
d:\documents and settings\administrator\desktop\历史文件\验证码文档\wyh预处理\验证码代码备份\13验证码最新版本\ocrhelper\debug\ocrhelper.tlog\link.command.1.tlog
d:\documents and settings\administrator\desktop\历史文件\验证码文档\wyh预处理\验证码代码备份\13验证码最新版本\ocrhelper\debug\ocrhelper.tlog\link.read.1.tlog
d:\documents and settings\administrator\desktop\历史文件\验证码文档\wyh预处理\验证码代码备份\13验证码最新版本\ocrhelper\debug\ocrhelper.tlog\link.write.1.tlog
d:\documents and settings\administrator\desktop\历史文件\验证码文档\wyh预处理\验证码代码备份\13验证码最新版本\ocrhelper\debug\ocrhelper.tlog\metagen.read.1.tlog
d:\documents and settings\administrator\desktop\历史文件\验证码文档\wyh预处理\验证码代码备份\13验证码最新版本\ocrhelper\debug\ocrhelper.tlog\metagen.write.1.tlog
d:\documents and settings\administrator\desktop\历史文件\验证码文档\wyh预处理\验证码代码备份\13验证码最新版本\ocrhelper\debug\ocrhelper.tlog\rc.command.1.tlog
d:\documents and settings\administrator\desktop\历史文件\验证码文档\wyh预处理\验证码代码备份\13验证码最新版本\ocrhelper\debug\ocrhelper.tlog\rc.read.1.tlog
d:\documents and settings\administrator\desktop\历史文件\验证码文档\wyh预处理\验证码代码备份\13验证码最新版本\ocrhelper\debug\ocrhelper.tlog\rc.write.1.tlog
d:\documents and settings\administrator\desktop\历史文件\验证码文档\wyh预处理\验证码代码备份\13验证码最新版本\ocrhelper\debug\ocrhelper.tlog\rsaenh.dll.bi
d:\documents and settings\administrator\desktop\历史文件\验证码文档\wyh预处理\验证码代码备份\13验证码最新版本\ocrhelper\debug\ocrhelper.tlog\tzres.dll.bi
