c:\users\pxf\desktop\10.12验证码\验证码10.20---58，贵州稍作修改，加上58字母位置上下调整\ocrhelper\release\ocrhelper.pch
c:\users\pxf\desktop\10.12验证码\验证码10.20---58，贵州稍作修改，加上58字母位置上下调整\ocrhelper\release\vc120.pdb
c:\users\pxf\desktop\10.12验证码\验证码10.20---58，贵州稍作修改，加上58字母位置上下调整\ocrhelper\release\stdafx.obj
c:\users\pxf\desktop\10.12验证码\验证码10.20---58，贵州稍作修改，加上58字母位置上下调整\ocrhelper\release\ocrhelper.obj
c:\users\pxf\desktop\10.12验证码\验证码10.20---58，贵州稍作修改，加上58字母位置上下调整\ocrhelper\release\assemblyinfo.obj
c:\users\pxf\desktop\10.12验证码\验证码10.20---58，贵州稍作修改，加上58字母位置上下调整\ocrhelper\release\.netframework,version=v4.5.assemblyattributes.obj
c:\users\pxf\desktop\10.12验证码\验证码10.20---58，贵州稍作修改，加上58字母位置上下调整\consoleapplication\release\ocrhelper.dll
c:\users\pxf\desktop\10.12验证码\验证码10.20---58，贵州稍作修改，加上58字母位置上下调整\consoleapplication\release\ocrhelper.pdb
c:\users\pxf\desktop\10.12验证码\验证码10.20---58，贵州稍作修改，加上58字母位置上下调整\ocrhelper\release\app.res
c:\users\pxf\desktop\10.12验证码\验证码10.20---58，贵州稍作修改，加上58字母位置上下调整\ocrhelper\release\ocrhelper.vcxprojresolveassemblyreference.cache
c:\users\pxf\desktop\10.12验证码\验证码10.20---58，贵州稍作修改，加上58字母位置上下调整\ocrhelper\release\ocrhelper.tlog\cl.command.1.tlog
c:\users\pxf\desktop\10.12验证码\验证码10.20---58，贵州稍作修改，加上58字母位置上下调整\ocrhelper\release\ocrhelper.tlog\cl.read.1.tlog
c:\users\pxf\desktop\10.12验证码\验证码10.20---58，贵州稍作修改，加上58字母位置上下调整\ocrhelper\release\ocrhelper.tlog\cl.write.1.tlog
c:\users\pxf\desktop\10.12验证码\验证码10.20---58，贵州稍作修改，加上58字母位置上下调整\ocrhelper\release\ocrhelper.tlog\link.command.1.tlog
c:\users\pxf\desktop\10.12验证码\验证码10.20---58，贵州稍作修改，加上58字母位置上下调整\ocrhelper\release\ocrhelper.tlog\link.read.1.tlog
c:\users\pxf\desktop\10.12验证码\验证码10.20---58，贵州稍作修改，加上58字母位置上下调整\ocrhelper\release\ocrhelper.tlog\link.write.1.tlog
c:\users\pxf\desktop\10.12验证码\验证码10.20---58，贵州稍作修改，加上58字母位置上下调整\ocrhelper\release\ocrhelper.tlog\metagen.read.1.tlog
c:\users\pxf\desktop\10.12验证码\验证码10.20---58，贵州稍作修改，加上58字母位置上下调整\ocrhelper\release\ocrhelper.tlog\metagen.write.1.tlog
c:\users\pxf\desktop\10.12验证码\验证码10.20---58，贵州稍作修改，加上58字母位置上下调整\ocrhelper\release\ocrhelper.tlog\rc.command.1.tlog
c:\users\pxf\desktop\10.12验证码\验证码10.20---58，贵州稍作修改，加上58字母位置上下调整\ocrhelper\release\ocrhelper.tlog\rc.read.1.tlog
c:\users\pxf\desktop\10.12验证码\验证码10.20---58，贵州稍作修改，加上58字母位置上下调整\ocrhelper\release\ocrhelper.tlog\rc.write.1.tlog
c:\users\pxf\desktop\10.12验证码\验证码10.20---58，贵州稍作修改，加上58字母位置上下调整\ocrhelper\release\ocrhelper.tlog\rsaenh.dll.bi
c:\users\pxf\desktop\10.12验证码\验证码10.20---58，贵州稍作修改，加上58字母位置上下调整\ocrhelper\release\ocrhelper.tlog\tzres.dll.bi
